picard_dir has been set. You can use java -jar $picard_dir/picard.jar to run the programs.
[Tue Jun 07 00:40:30 EDT 2022] FilterSamReads INPUT=/cluster/projects/pughlab/projects/fragmentomics_bedpe_input/insert_sizes/try17_picardInsertSize_fullBAM_separate/TGL48_0011_Ct_T_PE_325_WG.merged.sorted_F2316.bam FILTER=excludeReadList [OUTPUT bam will contain reads that are *not* supplied in the READ_LIST_FILE file] READ_LIST_FILE=/cluster/projects/pughlab/projects/fragmentomics_bedpe_input/insert_sizes/try17_picardInsertSize_fullBAM_separate/TGL48_0011_Ct_T_PE_325_WG.merged.sorted_F2316_tandemReads.txt WRITE_READS_FILES=false OUTPUT=/cluster/projects/pughlab/projects/fragmentomics_bedpe_input/insert_sizes/try17_picardInsertSize_fullBAM_separate/TGL48_0011_Ct_T_PE_325_WG.merged.sorted_F2316_noTandems.bam USE_JDK_DEFLATER=true USE_JDK_INFLATER=true    VERBOSITY=INFO QUIET=false VALIDATION_STRINGENCY=STRICT COMPRESSION_LEVEL=5 MAX_RECORDS_IN_RAM=500000 CREATE_INDEX=false CREATE_MD5_FILE=false GA4GH_CLIENT_SECRETS=client_secrets.json
[Tue Jun 07 00:40:30 EDT 2022] Executing as t110409uhn@node118.uhnh4h.cluster on Linux 3.10.0-1160.36.2.el7.x86_64 amd64; Java HotSpot(TM) 64-Bit Server VM 1.8.0_162-b12; Deflater: Jdk; Inflater: Jdk; Picard version: 2.10.9-SNAPSHOT
INFO	2022-06-07 00:40:30	FilterSamReads	Filtering [presorted=true] TGL48_0011_Ct_T_PE_325_WG.merged.sorted_F2316.bam -> OUTPUT=TGL48_0011_Ct_T_PE_325_WG.merged.sorted_F2316_noTandems.bam [sortorder=coordinate]
INFO	2022-06-07 00:40:43	FilterSamReads	Written     1,000,000 records.  Elapsed time: 00:00:13s.  Time for last 1,000,000:   13s.  Last read position: chr1:104,469,595
INFO	2022-06-07 00:40:56	FilterSamReads	Written     2,000,000 records.  Elapsed time: 00:00:25s.  Time for last 1,000,000:   12s.  Last read position: chr1:213,595,213
INFO	2022-06-07 00:41:09	FilterSamReads	Written     3,000,000 records.  Elapsed time: 00:00:38s.  Time for last 1,000,000:   13s.  Last read position: chr2:69,329,102
INFO	2022-06-07 00:41:21	FilterSamReads	Written     4,000,000 records.  Elapsed time: 00:00:50s.  Time for last 1,000,000:   12s.  Last read position: chr2:177,600,551
INFO	2022-06-07 00:41:33	FilterSamReads	Written     5,000,000 records.  Elapsed time: 00:01:03s.  Time for last 1,000,000:   12s.  Last read position: chr3:44,790,335
INFO	2022-06-07 00:41:45	FilterSamReads	Written     6,000,000 records.  Elapsed time: 00:01:15s.  Time for last 1,000,000:   11s.  Last read position: chr3:153,391,734
INFO	2022-06-07 00:41:58	FilterSamReads	Written     7,000,000 records.  Elapsed time: 00:01:27s.  Time for last 1,000,000:   12s.  Last read position: chr4:55,574,920
INFO	2022-06-07 00:42:10	FilterSamReads	Written     8,000,000 records.  Elapsed time: 00:01:40s.  Time for last 1,000,000:   12s.  Last read position: chr4:172,779,299
INFO	2022-06-07 00:42:23	FilterSamReads	Written     9,000,000 records.  Elapsed time: 00:01:52s.  Time for last 1,000,000:   12s.  Last read position: chr5:87,643,851
INFO	2022-06-07 00:42:35	FilterSamReads	Written    10,000,000 records.  Elapsed time: 00:02:04s.  Time for last 1,000,000:   12s.  Last read position: chr6:15,267,132
INFO	2022-06-07 00:42:47	FilterSamReads	Written    11,000,000 records.  Elapsed time: 00:02:17s.  Time for last 1,000,000:   12s.  Last read position: chr6:126,057,476
INFO	2022-06-07 00:42:59	FilterSamReads	Written    12,000,000 records.  Elapsed time: 00:02:29s.  Time for last 1,000,000:   11s.  Last read position: chr7:62,787,079
INFO	2022-06-07 00:43:12	FilterSamReads	Written    13,000,000 records.  Elapsed time: 00:02:41s.  Time for last 1,000,000:   12s.  Last read position: chr8:17,781,756
INFO	2022-06-07 00:43:24	FilterSamReads	Written    14,000,000 records.  Elapsed time: 00:02:53s.  Time for last 1,000,000:   11s.  Last read position: chr8:126,083,552
INFO	2022-06-07 00:43:36	FilterSamReads	Written    15,000,000 records.  Elapsed time: 00:03:06s.  Time for last 1,000,000:   12s.  Last read position: chr9:103,004,128
INFO	2022-06-07 00:43:49	FilterSamReads	Written    16,000,000 records.  Elapsed time: 00:03:18s.  Time for last 1,000,000:   12s.  Last read position: chr10:64,301,976
INFO	2022-06-07 00:44:01	FilterSamReads	Written    17,000,000 records.  Elapsed time: 00:03:30s.  Time for last 1,000,000:   11s.  Last read position: chr11:35,370,932
INFO	2022-06-07 00:44:13	FilterSamReads	Written    18,000,000 records.  Elapsed time: 00:03:42s.  Time for last 1,000,000:   12s.  Last read position: chr12:6,047,400
INFO	2022-06-07 00:44:25	FilterSamReads	Written    19,000,000 records.  Elapsed time: 00:03:54s.  Time for last 1,000,000:   11s.  Last read position: chr12:116,465,290
INFO	2022-06-07 00:44:37	FilterSamReads	Written    20,000,000 records.  Elapsed time: 00:04:06s.  Time for last 1,000,000:   11s.  Last read position: chr13:111,859,669
INFO	2022-06-07 00:44:49	FilterSamReads	Written    21,000,000 records.  Elapsed time: 00:04:18s.  Time for last 1,000,000:   12s.  Last read position: chr15:35,675,007
INFO	2022-06-07 00:45:01	FilterSamReads	Written    22,000,000 records.  Elapsed time: 00:04:31s.  Time for last 1,000,000:   12s.  Last read position: chr16:35,654,736
INFO	2022-06-07 00:45:14	FilterSamReads	Written    23,000,000 records.  Elapsed time: 00:04:44s.  Time for last 1,000,000:   12s.  Last read position: chr17:51,194,689
INFO	2022-06-07 00:45:26	FilterSamReads	Written    24,000,000 records.  Elapsed time: 00:04:55s.  Time for last 1,000,000:   11s.  Last read position: chr18:73,509,643
INFO	2022-06-07 00:45:38	FilterSamReads	Written    25,000,000 records.  Elapsed time: 00:05:08s.  Time for last 1,000,000:   12s.  Last read position: chr20:31,157,498
INFO	2022-06-07 00:45:51	FilterSamReads	Written    26,000,000 records.  Elapsed time: 00:05:20s.  Time for last 1,000,000:   12s.  Last read position: chr22:30,902,938
INFO	2022-06-07 00:46:03	FilterSamReads	Written    27,000,000 records.  Elapsed time: 00:05:33s.  Time for last 1,000,000:   12s.  Last read position: chrY:11,357,718
INFO	2022-06-07 00:46:15	FilterSamReads	27,805,050 SAMRecords written to TGL48_0011_Ct_T_PE_325_WG.merged.sorted_F2316_noTandems.bam
[Tue Jun 07 00:46:15 EDT 2022] picard.sam.FilterSamReads done. Elapsed time: 5.75 minutes.
Runtime.totalMemory()=1878523904
[Tue Jun 07 00:46:15 EDT 2022] FilterSamReads INPUT=/cluster/projects/pughlab/projects/fragmentomics_bedpe_input/insert_sizes/try17_picardInsertSize_fullBAM_separate/TGL48_0011_Ct_T_PE_325_WG.merged.sorted_F2316.bam FILTER=includeReadList [OUTPUT SAM/BAM will contain reads that are supplied in the READ_LIST_FILE file] READ_LIST_FILE=/cluster/projects/pughlab/projects/fragmentomics_bedpe_input/insert_sizes/try17_picardInsertSize_fullBAM_separate/TGL48_0011_Ct_T_PE_325_WG.merged.sorted_F2316_tandemReads.txt WRITE_READS_FILES=false OUTPUT=/cluster/projects/pughlab/projects/fragmentomics_bedpe_input/insert_sizes/try17_picardInsertSize_fullBAM_separate/TGL48_0011_Ct_T_PE_325_WG.merged.sorted_F2316_onlyTandems.bam USE_JDK_DEFLATER=true USE_JDK_INFLATER=true    VERBOSITY=INFO QUIET=false VALIDATION_STRINGENCY=STRICT COMPRESSION_LEVEL=5 MAX_RECORDS_IN_RAM=500000 CREATE_INDEX=false CREATE_MD5_FILE=false GA4GH_CLIENT_SECRETS=client_secrets.json
[Tue Jun 07 00:46:15 EDT 2022] Executing as t110409uhn@node118.uhnh4h.cluster on Linux 3.10.0-1160.36.2.el7.x86_64 amd64; Java HotSpot(TM) 64-Bit Server VM 1.8.0_162-b12; Deflater: Jdk; Inflater: Jdk; Picard version: 2.10.9-SNAPSHOT
INFO	2022-06-07 00:46:16	FilterSamReads	Filtering [presorted=true] TGL48_0011_Ct_T_PE_325_WG.merged.sorted_F2316.bam -> OUTPUT=TGL48_0011_Ct_T_PE_325_WG.merged.sorted_F2316_onlyTandems.bam [sortorder=coordinate]
INFO	2022-06-07 00:47:36	FilterSamReads	409,022 SAMRecords written to TGL48_0011_Ct_T_PE_325_WG.merged.sorted_F2316_onlyTandems.bam
[Tue Jun 07 00:47:36 EDT 2022] picard.sam.FilterSamReads done. Elapsed time: 1.34 minutes.
Runtime.totalMemory()=8873050112
[Tue Jun 07 00:54:32 EDT 2022] FilterSamReads INPUT=/cluster/projects/pughlab/projects/fragmentomics_bedpe_input/insert_sizes/try17_picardInsertSize_fullBAM_separate/TGL48_0011_Ct_T_PE_325_WG.merged.sorted_F2316_noTandems_noTLENeq0.bam FILTER=excludeReadList [OUTPUT bam will contain reads that are *not* supplied in the READ_LIST_FILE file] READ_LIST_FILE=/cluster/projects/pughlab/projects/fragmentomics_bedpe_input/insert_sizes/try17_picardInsertSize_fullBAM_separate/TGL48_0011_Ct_T_PE_325_WG.merged.sorted_F2316_noTandems_noTLENeq0_RFreads.txt WRITE_READS_FILES=false OUTPUT=/cluster/projects/pughlab/projects/fragmentomics_bedpe_input/insert_sizes/try17_picardInsertSize_fullBAM_separate/TGL48_0011_Ct_T_PE_325_WG.merged.sorted_F2316_noTandems_noTLENeq0_noRF.bam USE_JDK_DEFLATER=true USE_JDK_INFLATER=true    VERBOSITY=INFO QUIET=false VALIDATION_STRINGENCY=STRICT COMPRESSION_LEVEL=5 MAX_RECORDS_IN_RAM=500000 CREATE_INDEX=false CREATE_MD5_FILE=false GA4GH_CLIENT_SECRETS=client_secrets.json
[Tue Jun 07 00:54:32 EDT 2022] Executing as t110409uhn@node118.uhnh4h.cluster on Linux 3.10.0-1160.36.2.el7.x86_64 amd64; Java HotSpot(TM) 64-Bit Server VM 1.8.0_162-b12; Deflater: Jdk; Inflater: Jdk; Picard version: 2.10.9-SNAPSHOT
INFO	2022-06-07 00:54:32	FilterSamReads	Filtering [presorted=true] TGL48_0011_Ct_T_PE_325_WG.merged.sorted_F2316_noTandems_noTLENeq0.bam -> OUTPUT=TGL48_0011_Ct_T_PE_325_WG.merged.sorted_F2316_noTandems_noTLENeq0_noRF.bam [sortorder=coordinate]
INFO	2022-06-07 00:54:45	FilterSamReads	Written     1,000,000 records.  Elapsed time: 00:00:12s.  Time for last 1,000,000:   12s.  Last read position: chr1:105,925,188
INFO	2022-06-07 00:54:57	FilterSamReads	Written     2,000,000 records.  Elapsed time: 00:00:25s.  Time for last 1,000,000:   12s.  Last read position: chr1:217,366,051
INFO	2022-06-07 00:55:09	FilterSamReads	Written     3,000,000 records.  Elapsed time: 00:00:36s.  Time for last 1,000,000:   11s.  Last read position: chr2:75,842,462
INFO	2022-06-07 00:55:21	FilterSamReads	Written     4,000,000 records.  Elapsed time: 00:00:49s.  Time for last 1,000,000:   12s.  Last read position: chr2:186,402,555
INFO	2022-06-07 00:55:33	FilterSamReads	Written     5,000,000 records.  Elapsed time: 00:01:01s.  Time for last 1,000,000:   11s.  Last read position: chr3:53,406,898
INFO	2022-06-07 00:55:45	FilterSamReads	Written     6,000,000 records.  Elapsed time: 00:01:12s.  Time for last 1,000,000:   11s.  Last read position: chr3:164,976,842
INFO	2022-06-07 00:55:58	FilterSamReads	Written     7,000,000 records.  Elapsed time: 00:01:25s.  Time for last 1,000,000:   12s.  Last read position: chr4:69,930,580
INFO	2022-06-07 00:56:10	FilterSamReads	Written     8,000,000 records.  Elapsed time: 00:01:37s.  Time for last 1,000,000:   12s.  Last read position: chr4:187,286,549
INFO	2022-06-07 00:56:22	FilterSamReads	Written     9,000,000 records.  Elapsed time: 00:01:50s.  Time for last 1,000,000:   12s.  Last read position: chr5:105,384,089
INFO	2022-06-07 00:56:34	FilterSamReads	Written    10,000,000 records.  Elapsed time: 00:02:02s.  Time for last 1,000,000:   12s.  Last read position: chr6:32,153,099
INFO	2022-06-07 00:56:46	FilterSamReads	Written    11,000,000 records.  Elapsed time: 00:02:14s.  Time for last 1,000,000:   12s.  Last read position: chr6:145,318,543
INFO	2022-06-07 00:56:58	FilterSamReads	Written    12,000,000 records.  Elapsed time: 00:02:26s.  Time for last 1,000,000:   12s.  Last read position: chr7:82,945,604
INFO	2022-06-07 00:57:10	FilterSamReads	Written    13,000,000 records.  Elapsed time: 00:02:38s.  Time for last 1,000,000:   12s.  Last read position: chr8:38,288,086
INFO	2022-06-07 00:57:22	FilterSamReads	Written    14,000,000 records.  Elapsed time: 00:02:50s.  Time for last 1,000,000:   12s.  Last read position: chr9:1,880,513
INFO	2022-06-07 00:57:35	FilterSamReads	Written    15,000,000 records.  Elapsed time: 00:03:02s.  Time for last 1,000,000:   12s.  Last read position: chr9:125,808,837
INFO	2022-06-07 00:57:47	FilterSamReads	Written    16,000,000 records.  Elapsed time: 00:03:15s.  Time for last 1,000,000:   12s.  Last read position: chr10:90,047,379
INFO	2022-06-07 00:57:59	FilterSamReads	Written    17,000,000 records.  Elapsed time: 00:03:27s.  Time for last 1,000,000:   12s.  Last read position: chr11:61,961,944
INFO	2022-06-07 00:58:11	FilterSamReads	Written    18,000,000 records.  Elapsed time: 00:03:39s.  Time for last 1,000,000:   12s.  Last read position: chr12:35,397,599
INFO	2022-06-07 00:58:23	FilterSamReads	Written    19,000,000 records.  Elapsed time: 00:03:51s.  Time for last 1,000,000:   11s.  Last read position: chr13:27,945,947
INFO	2022-06-07 00:58:35	FilterSamReads	Written    20,000,000 records.  Elapsed time: 00:04:03s.  Time for last 1,000,000:   11s.  Last read position: chr14:46,362,540
INFO	2022-06-07 00:58:48	FilterSamReads	Written    21,000,000 records.  Elapsed time: 00:04:15s.  Time for last 1,000,000:   12s.  Last read position: chr15:67,545,116
INFO	2022-06-07 00:59:00	FilterSamReads	Written    22,000,000 records.  Elapsed time: 00:04:27s.  Time for last 1,000,000:   12s.  Last read position: chr16:73,231,997
INFO	2022-06-07 00:59:12	FilterSamReads	Written    23,000,000 records.  Elapsed time: 00:04:40s.  Time for last 1,000,000:   12s.  Last read position: chr18:2,918,143
INFO	2022-06-07 00:59:24	FilterSamReads	Written    24,000,000 records.  Elapsed time: 00:04:52s.  Time for last 1,000,000:   12s.  Last read position: chr19:27,928,227
INFO	2022-06-07 00:59:37	FilterSamReads	Written    25,000,000 records.  Elapsed time: 00:05:04s.  Time for last 1,000,000:   12s.  Last read position: chr21:8,235,440
INFO	2022-06-07 00:59:49	FilterSamReads	Written    26,000,000 records.  Elapsed time: 00:05:17s.  Time for last 1,000,000:   12s.  Last read position: chrX:43,907,019
INFO	2022-06-07 01:00:03	FilterSamReads	Written    27,000,000 records.  Elapsed time: 00:05:30s.  Time for last 1,000,000:   13s.  Last read position: chr15_KN538374v1_fix:566,501
INFO	2022-06-07 01:00:07	FilterSamReads	27,331,486 SAMRecords written to TGL48_0011_Ct_T_PE_325_WG.merged.sorted_F2316_noTandems_noTLENeq0_noRF.bam
[Tue Jun 07 01:00:07 EDT 2022] picard.sam.FilterSamReads done. Elapsed time: 5.59 minutes.
Runtime.totalMemory()=1512570880
[Tue Jun 07 01:00:08 EDT 2022] FilterSamReads INPUT=/cluster/projects/pughlab/projects/fragmentomics_bedpe_input/insert_sizes/try17_picardInsertSize_fullBAM_separate/TGL48_0011_Ct_T_PE_325_WG.merged.sorted_F2316_noTandems_noTLENeq0.bam FILTER=includeReadList [OUTPUT SAM/BAM will contain reads that are supplied in the READ_LIST_FILE file] READ_LIST_FILE=/cluster/projects/pughlab/projects/fragmentomics_bedpe_input/insert_sizes/try17_picardInsertSize_fullBAM_separate/TGL48_0011_Ct_T_PE_325_WG.merged.sorted_F2316_noTandems_noTLENeq0_RFreads.txt WRITE_READS_FILES=false OUTPUT=/cluster/projects/pughlab/projects/fragmentomics_bedpe_input/insert_sizes/try17_picardInsertSize_fullBAM_separate/TGL48_0011_Ct_T_PE_325_WG.merged.sorted_F2316_noTandems_noTLENeq0_onlyRF.bam USE_JDK_DEFLATER=true USE_JDK_INFLATER=true    VERBOSITY=INFO QUIET=false VALIDATION_STRINGENCY=STRICT COMPRESSION_LEVEL=5 MAX_RECORDS_IN_RAM=500000 CREATE_INDEX=false CREATE_MD5_FILE=false GA4GH_CLIENT_SECRETS=client_secrets.json
[Tue Jun 07 01:00:08 EDT 2022] Executing as t110409uhn@node118.uhnh4h.cluster on Linux 3.10.0-1160.36.2.el7.x86_64 amd64; Java HotSpot(TM) 64-Bit Server VM 1.8.0_162-b12; Deflater: Jdk; Inflater: Jdk; Picard version: 2.10.9-SNAPSHOT
INFO	2022-06-07 01:00:08	FilterSamReads	Filtering [presorted=true] TGL48_0011_Ct_T_PE_325_WG.merged.sorted_F2316_noTandems_noTLENeq0.bam -> OUTPUT=TGL48_0011_Ct_T_PE_325_WG.merged.sorted_F2316_noTandems_noTLENeq0_onlyRF.bam [sortorder=coordinate]
INFO	2022-06-07 01:01:16	FilterSamReads	76,722 SAMRecords written to TGL48_0011_Ct_T_PE_325_WG.merged.sorted_F2316_noTandems_noTLENeq0_onlyRF.bam
[Tue Jun 07 01:01:16 EDT 2022] picard.sam.FilterSamReads done. Elapsed time: 1.12 minutes.
Runtime.totalMemory()=1973944320
01:04:29.194 INFO  NativeLibraryLoader - Loading libgkl_compression.so from jar:file:/cluster/tools/software/picard/2.10.9/picard.jar!/com/intel/gkl/native/libgkl_compression.so
[Tue Jun 07 01:04:29 EDT 2022] CollectInsertSizeMetrics HISTOGRAM_FILE=/cluster/projects/pughlab/projects/fragmentomics_bedpe_input/insert_sizes/try17_picardInsertSize_fullBAM_separate/TGL48_0011_Ct_T_PE_325_WG.merged.sorted_F2316_noTandems_noTLENeq0_noRF_picardInserSizeHisto_wDups.pdf HISTOGRAM_WIDTH=600 MINIMUM_PCT=0.0 INCLUDE_DUPLICATES=true INPUT=/cluster/projects/pughlab/projects/fragmentomics_bedpe_input/insert_sizes/try17_picardInsertSize_fullBAM_separate/TGL48_0011_Ct_T_PE_325_WG.merged.sorted_F2316_noTandems_noTLENeq0_noRF.bam OUTPUT=/cluster/projects/pughlab/projects/fragmentomics_bedpe_input/insert_sizes/try17_picardInsertSize_fullBAM_separate/TGL48_0011_Ct_T_PE_325_WG.merged.sorted_F2316_noTandems_noTLENeq0_noRF_picardInsertSize_wDups.txt    DEVIATIONS=10.0 METRIC_ACCUMULATION_LEVEL=[ALL_READS] ASSUME_SORTED=true STOP_AFTER=0 VERBOSITY=INFO QUIET=false VALIDATION_STRINGENCY=STRICT COMPRESSION_LEVEL=5 MAX_RECORDS_IN_RAM=500000 CREATE_INDEX=false CREATE_MD5_FILE=false GA4GH_CLIENT_SECRETS=client_secrets.json USE_JDK_DEFLATER=false USE_JDK_INFLATER=false
[Tue Jun 07 01:04:29 EDT 2022] Executing as t110409uhn@node118.uhnh4h.cluster on Linux 3.10.0-1160.36.2.el7.x86_64 amd64; Java HotSpot(TM) 64-Bit Server VM 1.8.0_162-b12; Deflater: Intel; Inflater: Intel; Picard version: 2.10.9-SNAPSHOT
INFO	2022-06-07 01:04:32	SinglePassSamProgram	Processed     1,000,000 records.  Elapsed time: 00:00:02s.  Time for last 1,000,000:    2s.  Last read position: chr1:105,925,188
INFO	2022-06-07 01:04:34	SinglePassSamProgram	Processed     2,000,000 records.  Elapsed time: 00:00:05s.  Time for last 1,000,000:    2s.  Last read position: chr1:217,366,051
INFO	2022-06-07 01:04:36	SinglePassSamProgram	Processed     3,000,000 records.  Elapsed time: 00:00:07s.  Time for last 1,000,000:    2s.  Last read position: chr2:75,842,462
INFO	2022-06-07 01:04:38	SinglePassSamProgram	Processed     4,000,000 records.  Elapsed time: 00:00:09s.  Time for last 1,000,000:    2s.  Last read position: chr2:186,402,555
INFO	2022-06-07 01:04:41	SinglePassSamProgram	Processed     5,000,000 records.  Elapsed time: 00:00:11s.  Time for last 1,000,000:    2s.  Last read position: chr3:53,406,898
INFO	2022-06-07 01:04:43	SinglePassSamProgram	Processed     6,000,000 records.  Elapsed time: 00:00:14s.  Time for last 1,000,000:    2s.  Last read position: chr3:164,976,842
INFO	2022-06-07 01:04:45	SinglePassSamProgram	Processed     7,000,000 records.  Elapsed time: 00:00:16s.  Time for last 1,000,000:    2s.  Last read position: chr4:69,930,580
INFO	2022-06-07 01:04:48	SinglePassSamProgram	Processed     8,000,000 records.  Elapsed time: 00:00:18s.  Time for last 1,000,000:    2s.  Last read position: chr4:187,286,549
INFO	2022-06-07 01:04:50	SinglePassSamProgram	Processed     9,000,000 records.  Elapsed time: 00:00:21s.  Time for last 1,000,000:    2s.  Last read position: chr5:105,384,089
INFO	2022-06-07 01:04:52	SinglePassSamProgram	Processed    10,000,000 records.  Elapsed time: 00:00:23s.  Time for last 1,000,000:    2s.  Last read position: chr6:32,153,099
INFO	2022-06-07 01:04:54	SinglePassSamProgram	Processed    11,000,000 records.  Elapsed time: 00:00:25s.  Time for last 1,000,000:    2s.  Last read position: chr6:145,318,543
INFO	2022-06-07 01:04:57	SinglePassSamProgram	Processed    12,000,000 records.  Elapsed time: 00:00:27s.  Time for last 1,000,000:    2s.  Last read position: chr7:82,945,604
INFO	2022-06-07 01:04:59	SinglePassSamProgram	Processed    13,000,000 records.  Elapsed time: 00:00:29s.  Time for last 1,000,000:    2s.  Last read position: chr8:38,288,086
INFO	2022-06-07 01:05:01	SinglePassSamProgram	Processed    14,000,000 records.  Elapsed time: 00:00:32s.  Time for last 1,000,000:    2s.  Last read position: chr9:1,880,513
INFO	2022-06-07 01:05:03	SinglePassSamProgram	Processed    15,000,000 records.  Elapsed time: 00:00:34s.  Time for last 1,000,000:    2s.  Last read position: chr9:125,808,837
INFO	2022-06-07 01:05:06	SinglePassSamProgram	Processed    16,000,000 records.  Elapsed time: 00:00:36s.  Time for last 1,000,000:    2s.  Last read position: chr10:90,047,379
INFO	2022-06-07 01:05:08	SinglePassSamProgram	Processed    17,000,000 records.  Elapsed time: 00:00:39s.  Time for last 1,000,000:    2s.  Last read position: chr11:61,961,944
INFO	2022-06-07 01:05:10	SinglePassSamProgram	Processed    18,000,000 records.  Elapsed time: 00:00:41s.  Time for last 1,000,000:    2s.  Last read position: chr12:35,397,599
INFO	2022-06-07 01:05:12	SinglePassSamProgram	Processed    19,000,000 records.  Elapsed time: 00:00:43s.  Time for last 1,000,000:    2s.  Last read position: chr13:27,945,947
INFO	2022-06-07 01:05:15	SinglePassSamProgram	Processed    20,000,000 records.  Elapsed time: 00:00:45s.  Time for last 1,000,000:    2s.  Last read position: chr14:46,362,540
INFO	2022-06-07 01:05:17	SinglePassSamProgram	Processed    21,000,000 records.  Elapsed time: 00:00:47s.  Time for last 1,000,000:    2s.  Last read position: chr15:67,545,116
INFO	2022-06-07 01:05:19	SinglePassSamProgram	Processed    22,000,000 records.  Elapsed time: 00:00:50s.  Time for last 1,000,000:    2s.  Last read position: chr16:73,231,997
INFO	2022-06-07 01:05:21	SinglePassSamProgram	Processed    23,000,000 records.  Elapsed time: 00:00:52s.  Time for last 1,000,000:    2s.  Last read position: chr18:2,918,143
INFO	2022-06-07 01:05:23	SinglePassSamProgram	Processed    24,000,000 records.  Elapsed time: 00:00:54s.  Time for last 1,000,000:    2s.  Last read position: chr19:27,928,227
INFO	2022-06-07 01:05:26	SinglePassSamProgram	Processed    25,000,000 records.  Elapsed time: 00:00:56s.  Time for last 1,000,000:    2s.  Last read position: chr21:8,235,440
INFO	2022-06-07 01:05:28	SinglePassSamProgram	Processed    26,000,000 records.  Elapsed time: 00:00:59s.  Time for last 1,000,000:    2s.  Last read position: chrX:43,907,019
INFO	2022-06-07 01:05:30	SinglePassSamProgram	Processed    27,000,000 records.  Elapsed time: 00:01:01s.  Time for last 1,000,000:    2s.  Last read position: chr15_KN538374v1_fix:566,501
INFO	2022-06-07 01:05:56	RExecutor	Executing R script via command: Rscript /tmp/script6747860653132777428.R /cluster/projects/pughlab/projects/fragmentomics_bedpe_input/insert_sizes/try17_picardInsertSize_fullBAM_separate/TGL48_0011_Ct_T_PE_325_WG.merged.sorted_F2316_noTandems_noTLENeq0_noRF_picardInsertSize_wDups.txt /cluster/projects/pughlab/projects/fragmentomics_bedpe_input/insert_sizes/try17_picardInsertSize_fullBAM_separate/TGL48_0011_Ct_T_PE_325_WG.merged.sorted_F2316_noTandems_noTLENeq0_noRF_picardInserSizeHisto_wDups.pdf TGL48_0011_Ct_T_PE_325_WG.merged.sorted_F2316_noTandems_noTLENeq0_noRF.bam 600
INFO	2022-06-07 01:05:57	ProcessExecutor	null device 
INFO	2022-06-07 01:05:57	ProcessExecutor	          1 
[Tue Jun 07 01:05:57 EDT 2022] picard.analysis.CollectInsertSizeMetrics done. Elapsed time: 1.47 minutes.
Runtime.totalMemory()=1512570880
01:05:58.039 INFO  NativeLibraryLoader - Loading libgkl_compression.so from jar:file:/cluster/tools/software/picard/2.10.9/picard.jar!/com/intel/gkl/native/libgkl_compression.so
[Tue Jun 07 01:05:58 EDT 2022] CollectInsertSizeMetrics HISTOGRAM_FILE=/cluster/projects/pughlab/projects/fragmentomics_bedpe_input/insert_sizes/try17_picardInsertSize_fullBAM_separate/TGL48_0011_Ct_T_PE_325_WG.merged.sorted_F2316_noTandems_noTLENeq0_onlyRF_picardInserSizeHisto_wDups.pdf HISTOGRAM_WIDTH=600 MINIMUM_PCT=0.0 INCLUDE_DUPLICATES=true INPUT=/cluster/projects/pughlab/projects/fragmentomics_bedpe_input/insert_sizes/try17_picardInsertSize_fullBAM_separate/TGL48_0011_Ct_T_PE_325_WG.merged.sorted_F2316_noTandems_noTLENeq0_onlyRF.bam OUTPUT=/cluster/projects/pughlab/projects/fragmentomics_bedpe_input/insert_sizes/try17_picardInsertSize_fullBAM_separate/TGL48_0011_Ct_T_PE_325_WG.merged.sorted_F2316_noTandems_noTLENeq0_onlyRF_picardInsertSize_wDups.txt    DEVIATIONS=10.0 METRIC_ACCUMULATION_LEVEL=[ALL_READS] ASSUME_SORTED=true STOP_AFTER=0 VERBOSITY=INFO QUIET=false VALIDATION_STRINGENCY=STRICT COMPRESSION_LEVEL=5 MAX_RECORDS_IN_RAM=500000 CREATE_INDEX=false CREATE_MD5_FILE=false GA4GH_CLIENT_SECRETS=client_secrets.json USE_JDK_DEFLATER=false USE_JDK_INFLATER=false
[Tue Jun 07 01:05:58 EDT 2022] Executing as t110409uhn@node118.uhnh4h.cluster on Linux 3.10.0-1160.36.2.el7.x86_64 amd64; Java HotSpot(TM) 64-Bit Server VM 1.8.0_162-b12; Deflater: Intel; Inflater: Intel; Picard version: 2.10.9-SNAPSHOT
INFO	2022-06-07 01:06:21	RExecutor	Executing R script via command: Rscript /tmp/script8341338167745851048.R /cluster/projects/pughlab/projects/fragmentomics_bedpe_input/insert_sizes/try17_picardInsertSize_fullBAM_separate/TGL48_0011_Ct_T_PE_325_WG.merged.sorted_F2316_noTandems_noTLENeq0_onlyRF_picardInsertSize_wDups.txt /cluster/projects/pughlab/projects/fragmentomics_bedpe_input/insert_sizes/try17_picardInsertSize_fullBAM_separate/TGL48_0011_Ct_T_PE_325_WG.merged.sorted_F2316_noTandems_noTLENeq0_onlyRF_picardInserSizeHisto_wDups.pdf TGL48_0011_Ct_T_PE_325_WG.merged.sorted_F2316_noTandems_noTLENeq0_onlyRF.bam 600
INFO	2022-06-07 01:06:21	ProcessExecutor	null device 
INFO	2022-06-07 01:06:21	ProcessExecutor	          1 
[Tue Jun 07 01:06:21 EDT 2022] picard.analysis.CollectInsertSizeMetrics done. Elapsed time: 0.39 minutes.
Runtime.totalMemory()=3501719552
01:06:22.338 INFO  NativeLibraryLoader - Loading libgkl_compression.so from jar:file:/cluster/tools/software/picard/2.10.9/picard.jar!/com/intel/gkl/native/libgkl_compression.so
[Tue Jun 07 01:06:22 EDT 2022] CollectInsertSizeMetrics HISTOGRAM_FILE=/cluster/projects/pughlab/projects/fragmentomics_bedpe_input/insert_sizes/try17_picardInsertSize_fullBAM_separate/TGL48_0011_Ct_T_PE_325_WG.merged.sorted_F2316_onlyTandems_picardInserSizeHisto_wDups.pdf HISTOGRAM_WIDTH=600 MINIMUM_PCT=0.0 INCLUDE_DUPLICATES=true INPUT=/cluster/projects/pughlab/projects/fragmentomics_bedpe_input/insert_sizes/try17_picardInsertSize_fullBAM_separate/TGL48_0011_Ct_T_PE_325_WG.merged.sorted_F2316_onlyTandems.bam OUTPUT=/cluster/projects/pughlab/projects/fragmentomics_bedpe_input/insert_sizes/try17_picardInsertSize_fullBAM_separate/TGL48_0011_Ct_T_PE_325_WG.merged.sorted_F2316_onlyTandems_picardInsertSize_wDups.txt    DEVIATIONS=10.0 METRIC_ACCUMULATION_LEVEL=[ALL_READS] ASSUME_SORTED=true STOP_AFTER=0 VERBOSITY=INFO QUIET=false VALIDATION_STRINGENCY=STRICT COMPRESSION_LEVEL=5 MAX_RECORDS_IN_RAM=500000 CREATE_INDEX=false CREATE_MD5_FILE=false GA4GH_CLIENT_SECRETS=client_secrets.json USE_JDK_DEFLATER=false USE_JDK_INFLATER=false
[Tue Jun 07 01:06:22 EDT 2022] Executing as t110409uhn@node118.uhnh4h.cluster on Linux 3.10.0-1160.36.2.el7.x86_64 amd64; Java HotSpot(TM) 64-Bit Server VM 1.8.0_162-b12; Deflater: Intel; Inflater: Intel; Picard version: 2.10.9-SNAPSHOT
INFO	2022-06-07 01:06:48	RExecutor	Executing R script via command: Rscript /tmp/script4825563924275172805.R /cluster/projects/pughlab/projects/fragmentomics_bedpe_input/insert_sizes/try17_picardInsertSize_fullBAM_separate/TGL48_0011_Ct_T_PE_325_WG.merged.sorted_F2316_onlyTandems_picardInsertSize_wDups.txt /cluster/projects/pughlab/projects/fragmentomics_bedpe_input/insert_sizes/try17_picardInsertSize_fullBAM_separate/TGL48_0011_Ct_T_PE_325_WG.merged.sorted_F2316_onlyTandems_picardInserSizeHisto_wDups.pdf TGL48_0011_Ct_T_PE_325_WG.merged.sorted_F2316_onlyTandems.bam 600
INFO	2022-06-07 01:06:48	ProcessExecutor	null device 
INFO	2022-06-07 01:06:48	ProcessExecutor	          1 
[Tue Jun 07 01:06:48 EDT 2022] picard.analysis.CollectInsertSizeMetrics done. Elapsed time: 0.44 minutes.
Runtime.totalMemory()=2356674560
